<?xml version="1.0" encoding="UTF-8"?>
<coverage generated="1683211756224" clover="3.2.0">
  <project timestamp="1683211756224" name="All files">
    <metrics statements="28" coveredstatements="25" conditionals="2" coveredconditionals="1" methods="15" coveredmethods="9" elements="45" coveredelements="35" complexity="0" loc="28" ncloc="28" packages="1" files="2" classes="2"/>
    <file name="car.js" path="/Users/tharahantharmaraja/Documents/bnta_work/week_07/day_4/car_dealership/car.js">
      <metrics statements="5" coveredstatements="5" conditionals="0" coveredconditionals="0" methods="1" coveredmethods="1"/>
      <line num="1" count="2" type="stmt"/>
      <line num="2" count="7" type="stmt"/>
      <line num="3" count="7" type="stmt"/>
      <line num="4" count="7" type="stmt"/>
      <line num="7" count="2" type="stmt"/>
    </file>
    <file name="dealership.js" path="/Users/tharahantharmaraja/Documents/bnta_work/week_07/day_4/car_dealership/dealership.js">
      <metrics statements="23" coveredstatements="20" conditionals="2" coveredconditionals="1" methods="14" coveredmethods="8"/>
      <line num="1" count="1" type="stmt"/>
      <line num="2" count="1" type="stmt"/>
      <line num="3" count="1" type="stmt"/>
      <line num="4" count="1" type="stmt"/>
      <line num="5" count="1" type="stmt"/>
      <line num="8" count="1" type="stmt"/>
      <line num="9" count="1" type="stmt"/>
      <line num="12" count="1" type="stmt"/>
      <line num="13" count="1" type="cond" truecount="1" falsecount="1"/>
      <line num="14" count="1" type="stmt"/>
      <line num="17" count="1" type="stmt"/>
      <line num="18" count="6" type="stmt"/>
      <line num="23" count="1" type="stmt"/>
      <line num="24" count="0" type="stmt"/>
      <line num="27" count="1" type="stmt"/>
      <line num="28" count="0" type="stmt"/>
      <line num="31" count="1" type="stmt"/>
      <line num="32" count="0" type="stmt"/>
      <line num="36" count="1" type="stmt"/>
      <line num="37" count="2" type="stmt"/>
      <line num="40" count="1" type="stmt"/>
      <line num="41" count="6" type="stmt"/>
      <line num="44" count="1" type="stmt"/>
    </file>
  </project>
</coverage>
