{"/Users/tharahantharmaraja/Documents/bnta_work/week_07/day_4/car_dealership/car.js": {"path":"/Users/tharahantharmaraja/Documents/bnta_work/week_07/day_4/car_dealership/car.js","statementMap":{"0":{"start":{"line":1,"column":12},"end":{"line":5,"column":1}},"1":{"start":{"line":2,"column":4},"end":{"line":2,"column":37}},"2":{"start":{"line":3,"column":4},"end":{"line":3,"column":23}},"3":{"start":{"line":4,"column":4},"end":{"line":4,"column":33}},"4":{"start":{"line":7,"column":0},"end":{"line":7,"column":23}}},"fnMap":{"0":{"name":"(anonymous_0)","decl":{"start":{"line":1,"column":12},"end":{"line":1,"column":13}},"loc":{"start":{"line":1,"column":53},"end":{"line":5,"column":1}},"line":1}},"branchMap":{},"s":{"0":2,"1":7,"2":7,"3":7,"4":2},"f":{"0":7},"b":{},"_coverageSchema":"1a1c01bbd47fc00a2c39e90264f33305004495a9","hash":"f1947af017e94f0ed713a852ffb2e94fc941ded6"}
,"/Users/tharahantharmaraja/Documents/bnta_work/week_07/day_4/car_dealership/dealership.js": {"path":"/Users/tharahantharmaraja/Documents/bnta_work/week_07/day_4/car_dealership/dealership.js","statementMap":{"0":{"start":{"line":1,"column":19},"end":{"line":6,"column":3}},"1":{"start":{"line":2,"column":4},"end":{"line":2,"column":21}},"2":{"start":{"line":3,"column":4},"end":{"line":3,"column":37}},"3":{"start":{"line":4,"column":4},"end":{"line":4,"column":35}},"4":{"start":{"line":5,"column":4},"end":{"line":5,"column":21}},"5":{"start":{"line":8,"column":2},"end":{"line":10,"column":3}},"6":{"start":{"line":9,"column":4},"end":{"line":9,"column":35}},"7":{"start":{"line":12,"column":2},"end":{"line":15,"column":4}},"8":{"start":{"line":13,"column":4},"end":{"line":15,"column":3}},"9":{"start":{"line":14,"column":6},"end":{"line":14,"column":33}},"10":{"start":{"line":17,"column":2},"end":{"line":19,"column":3}},"11":{"start":{"line":18,"column":4},"end":{"line":18,"column":108}},"12":{"start":{"line":18,"column":65},"end":{"line":18,"column":101}},"13":{"start":{"line":23,"column":31},"end":{"line":25,"column":3}},"14":{"start":{"line":24,"column":6},"end":{"line":24,"column":79}},"15":{"start":{"line":24,"column":44},"end":{"line":24,"column":77}},"16":{"start":{"line":27,"column":29},"end":{"line":29,"column":3}},"17":{"start":{"line":28,"column":6},"end":{"line":28,"column":75}},"18":{"start":{"line":28,"column":44},"end":{"line":28,"column":73}},"19":{"start":{"line":31,"column":24},"end":{"line":33,"column":3}},"20":{"start":{"line":32,"column":6},"end":{"line":32,"column":64}},"21":{"start":{"line":32,"column":44},"end":{"line":32,"column":62}},"22":{"start":{"line":36,"column":2},"end":{"line":38,"column":3}},"23":{"start":{"line":37,"column":6},"end":{"line":37,"column":30}},"24":{"start":{"line":40,"column":2},"end":{"line":42,"column":3}},"25":{"start":{"line":41,"column":4},"end":{"line":41,"column":85}},"26":{"start":{"line":41,"column":57},"end":{"line":41,"column":80}},"27":{"start":{"line":44,"column":2},"end":{"line":44,"column":32}}},"fnMap":{"0":{"name":"(anonymous_0)","decl":{"start":{"line":1,"column":19},"end":{"line":1,"column":20}},"loc":{"start":{"line":1,"column":61},"end":{"line":6,"column":3}},"line":1},"1":{"name":"(anonymous_1)","decl":{"start":{"line":8,"column":35},"end":{"line":8,"column":36}},"loc":{"start":{"line":8,"column":46},"end":{"line":10,"column":3}},"line":8},"2":{"name":"(anonymous_2)","decl":{"start":{"line":12,"column":32},"end":{"line":12,"column":33}},"loc":{"start":{"line":12,"column":46},"end":{"line":15,"column":4}},"line":12},"3":{"name":"(anonymous_3)","decl":{"start":{"line":17,"column":46},"end":{"line":17,"column":47}},"loc":{"start":{"line":17,"column":57},"end":{"line":19,"column":3}},"line":17},"4":{"name":"(anonymous_4)","decl":{"start":{"line":18,"column":43},"end":{"line":18,"column":44}},"loc":{"start":{"line":18,"column":65},"end":{"line":18,"column":101}},"line":18},"5":{"name":"(anonymous_5)","decl":{"start":{"line":23,"column":31},"end":{"line":23,"column":32}},"loc":{"start":{"line":23,"column":49},"end":{"line":25,"column":3}},"line":23},"6":{"name":"(anonymous_6)","decl":{"start":{"line":24,"column":37},"end":{"line":24,"column":38}},"loc":{"start":{"line":24,"column":44},"end":{"line":24,"column":77}},"line":24},"7":{"name":"(anonymous_7)","decl":{"start":{"line":27,"column":29},"end":{"line":27,"column":30}},"loc":{"start":{"line":27,"column":45},"end":{"line":29,"column":3}},"line":27},"8":{"name":"(anonymous_8)","decl":{"start":{"line":28,"column":37},"end":{"line":28,"column":38}},"loc":{"start":{"line":28,"column":44},"end":{"line":28,"column":73}},"line":28},"9":{"name":"(anonymous_9)","decl":{"start":{"line":31,"column":24},"end":{"line":31,"column":25}},"loc":{"start":{"line":31,"column":35},"end":{"line":33,"column":3}},"line":31},"10":{"name":"(anonymous_10)","decl":{"start":{"line":32,"column":37},"end":{"line":32,"column":38}},"loc":{"start":{"line":32,"column":44},"end":{"line":32,"column":62}},"line":32},"11":{"name":"(anonymous_11)","decl":{"start":{"line":36,"column":34},"end":{"line":36,"column":35}},"loc":{"start":{"line":36,"column":60},"end":{"line":38,"column":3}},"line":36},"12":{"name":"(anonymous_12)","decl":{"start":{"line":40,"column":45},"end":{"line":40,"column":46}},"loc":{"start":{"line":40,"column":56},"end":{"line":42,"column":3}},"line":40},"13":{"name":"(anonymous_13)","decl":{"start":{"line":41,"column":35},"end":{"line":41,"column":36}},"loc":{"start":{"line":41,"column":57},"end":{"line":41,"column":80}},"line":41}},"branchMap":{"0":{"loc":{"start":{"line":13,"column":4},"end":{"line":15,"column":3}},"type":"if","locations":[{"start":{"line":13,"column":4},"end":{"line":15,"column":3}},{"start":{},"end":{}}],"line":13}},"s":{"0":1,"1":1,"2":1,"3":1,"4":1,"5":1,"6":1,"7":1,"8":1,"9":1,"10":1,"11":1,"12":6,"13":1,"14":0,"15":0,"16":1,"17":0,"18":0,"19":1,"20":0,"21":0,"22":1,"23":2,"24":1,"25":1,"26":6,"27":1},"f":{"0":1,"1":1,"2":1,"3":1,"4":6,"5":0,"6":0,"7":0,"8":0,"9":0,"10":0,"11":2,"12":1,"13":6},"b":{"0":[1,0]},"_coverageSchema":"1a1c01bbd47fc00a2c39e90264f33305004495a9","hash":"3cb1c2d73045cdadf373eaab533c9fbe3f9e29f3"}
}
